<?xml version="1.0" encoding="UTF-8"?>
<!-- Generated by org.testng.reporters.JUnitReportReporter -->
<testsuite hostname="DESKTOP-76HJI1S" failures="0" tests="1" name="module1_loginTestClass.swagloginTestNGclassWithbaseClass" time="5.834" errors="0" timestamp="2024-12-20T00:06:10 PST" skipped="0">
  <testcase classname="module1_loginTestClass.swagloginTestNGclassWithbaseClass" name="verifylogo" time="5.834"/>
</testsuite> <!-- module1_loginTestClass.swagloginTestNGclassWithbaseClass -->
