<?xml version="1.0" encoding="UTF-8"?>
<!-- Generated by org.testng.reporters.JUnitReportReporter -->
<testsuite hostname="DESKTOP-76HJI1S" failures="0" tests="1" name="module1_loginTestClass.swagloginTestNGclassWithbaseClass" time="6.531" errors="0" timestamp="2024-12-20T00:46:25 PST" skipped="0">
  <testcase classname="module1_loginTestClass.swagloginTestNGclassWithbaseClass" name="verifylogo" time="6.531"/>
</testsuite> <!-- module1_loginTestClass.swagloginTestNGclassWithbaseClass -->
